
Using improved algorithm
2414	2229	
2411	2266	
2404	2267	
2402	2283	
2401	2286	
2398	2287	
2397	2290	
2396	2301	
2394	2306	
2393	2309	
2391	2311	
2388	2319	
2386	2325	
2384	2338	
2382	2340	
2381	2343	
2378	2344	
2374	2347	
2369	2357	
2366	2358	
2365	2362	
2359	2371	
2356	2373	
2350	2383	
2346	2385	
2344	2386	
2337	2388	
2335	2398	
2333	2400	
2325	2410	
2318	2415	
2309	2422	
2304	2423	
2289	2432	
2284	2434	
2283	2435	
2256	2438	
2254	2441	
2244	2442	
2242	2445	
2212	2448	
2210	2449	
2209	2450	

---
   0.656 CPU seconds
   0.661 elapsed seconds
      87 IPs solved
      43 Solutions found
