
Using improved algorithm
60 	39 	35 	32 	
56 	40 	53 	22 	
56 	33 	36 	31 	
50 	32 	38 	60 	
50 	24 	44 	48 	
49 	34 	55 	26 	
47 	34 	55 	27 	
47 	34 	53 	40 	
46 	41 	41 	27 	
46 	36 	40 	40 	
44 	35 	46 	25 	
43 	44 	40 	21 	
41 	37 	31 	39 	
40 	37 	41 	36 	
40 	32 	49 	44 	
39 	28 	53 	53 	
37 	46 	43 	41 	
37 	44 	37 	49 	
37 	42 	58 	36 	
36 	42 	56 	45 	
34 	44 	45 	37 	
34 	29 	44 	52 	
33 	47 	44 	30 	
32 	39 	54 	61 	
31 	30 	34 	67 	
30 	31 	39 	63 	
28 	48 	35 	29 	
28 	40 	45 	46 	
28 	40 	43 	59 	
27 	36 	58 	50 	
24 	45 	38 	48 	
23 	46 	43 	44 	
21 	55 	47 	40 	

---
  0.8812 CPU seconds
  1.0000 elapsed seconds
     704 IPs solved
      33 Solutions found
